Build started 12/8/2013 6:13:50 PM.
     1>Project "C:\Users\hegel5000\Documents\Visual Studio 2012\Projects\VolCloud1\VolCloud1\VolCloud1.vcxproj" on node 2 (Build target(s)).
     1>ClCompile:
         C:\Program Files (x86)\Microsoft Visual Studio 11.0\VC\bin\CL.exe /c /Zi /nologo /W3 /WX- /sdl /O2 /Oi /Oy- /GL /D WIN32 /D NDEBUG /D _CONSOLE /D _UNICODE /D UNICODE /Gm- /EHsc /MD /GS /Gy /fp:precise /Zc:wchar_t /Zc:forScope /Fo"Release\\" /Fd"Release\vc110.pdb" /Gd /TP /analyze- /errorReport:prompt Cloud.cpp
         Cloud.cpp
     1>Cloud.cpp(46): warning C4305: 'argument' : truncation from 'double' to 'float'
     1>Cloud.cpp(138): warning C4244: 'argument' : conversion from 'int' to 'float', possible loss of data
     1>Cloud.cpp(143): warning C4244: 'argument' : conversion from 'int' to 'float', possible loss of data
     1>Cloud.cpp(149): warning C4244: 'argument' : conversion from 'int' to 'float', possible loss of data
     1>Cloud.cpp(154): warning C4244: 'argument' : conversion from 'int' to 'float', possible loss of data
     1>Cloud.cpp(161): warning C4244: 'argument' : conversion from 'int' to 'float', possible loss of data
     1>Cloud.cpp(166): warning C4244: 'argument' : conversion from 'int' to 'float', possible loss of data
     1>Cloud.cpp(414): warning C4244: 'argument' : conversion from 'int' to 'float', possible loss of data
     1>Cloud.cpp(416): warning C4244: 'argument' : conversion from 'int' to 'float', possible loss of data
     1>Cloud.cpp(418): warning C4244: 'argument' : conversion from 'int' to 'float', possible loss of data
     1>Cloud.cpp(444): warning C4244: 'argument' : conversion from 'int' to 'float', possible loss of data
     1>Cloud.cpp(458): warning C4244: 'argument' : conversion from 'int' to 'float', possible loss of data
     1>Cloud.cpp(466): warning C4244: 'initializing' : conversion from 'float' to 'int', possible loss of data
     1>Cloud.cpp(467): warning C4244: 'initializing' : conversion from 'float' to 'int', possible loss of data
     1>Cloud.cpp(468): warning C4244: 'initializing' : conversion from 'float' to 'int', possible loss of data
     1>Cloud.cpp(485): warning C4244: 'initializing' : conversion from 'float' to 'int', possible loss of data
     1>Cloud.cpp(486): warning C4244: 'initializing' : conversion from 'float' to 'int', possible loss of data
     1>Cloud.cpp(487): warning C4244: 'initializing' : conversion from 'float' to 'int', possible loss of data
     1>Cloud.cpp(494): warning C4244: 'argument' : conversion from 'int' to 'float', possible loss of data
       Link:
         C:\Program Files (x86)\Microsoft Visual Studio 11.0\VC\bin\link.exe /ERRORREPORT:PROMPT /OUT:"C:\Users\hegel5000\Documents\Visual Studio 2012\Projects\VolCloud1\Release\VolCloud1.exe" /INCREMENTAL:NO /NOLOGO kernel32.lib user32.lib gdi32.lib winspool.lib comdlg32.lib advapi32.lib shell32.lib ole32.lib oleaut32.lib uuid.lib odbc32.lib odbccp32.lib /MANIFEST /MANIFESTUAC:"level='asInvoker' uiAccess='false'" /manifest:embed /DEBUG /PDB:"C:\Users\hegel5000\Documents\Visual Studio 2012\Projects\VolCloud1\Release\VolCloud1.pdb" /SUBSYSTEM:CONSOLE /OPT:REF /OPT:ICF /LTCG /TLBID:1 /DYNAMICBASE /NXCOMPAT /IMPLIB:"C:\Users\hegel5000\Documents\Visual Studio 2012\Projects\VolCloud1\Release\VolCloud1.lib" /MACHINE:X86 /SAFESEH Release\Cloud.obj
         Release\EasyBMP.obj
         Release\perlin.obj
         Release\stdafx.obj
         Generating code
         Finished generating code
         VolCloud1.vcxproj -> C:\Users\hegel5000\Documents\Visual Studio 2012\Projects\VolCloud1\Release\VolCloud1.exe
     1>Done Building Project "C:\Users\hegel5000\Documents\Visual Studio 2012\Projects\VolCloud1\VolCloud1\VolCloud1.vcxproj" (Build target(s)).

Build succeeded.

Time Elapsed 00:00:02.96
